<?xml version="1.0" encoding="UTF-8"?>
<testsuite xmlns:xsi="http://www.w3.org/2001/XMLSchema-instance" xsi:noNamespaceSchemaLocation="https://maven.apache.org/surefire/maven-surefire-plugin/xsd/surefire-test-report-3.0.xsd" version="3.0" name="TestSuite" time="51.5" tests="1" errors="0" skipped="0" failures="0">
  <properties>
    <property name="java.specification.version" value="17"/>
    <property name="sun.cpu.isalist" value="amd64"/>
    <property name="sun.jnu.encoding" value="Cp1252"/>
    <property name="java.class.path" value="C:\Users\sanojs\Documents\autobots-security\target\test-classes;C:\Users\sanojs\Documents\autobots-security\target\classes;C:\Users\sanojs\.m2\repository\org\testng\testng\7.7.1\testng-7.7.1.jar;C:\Users\sanojs\.m2\repository\org\slf4j\slf4j-api\1.7.36\slf4j-api-1.7.36.jar;C:\Users\sanojs\.m2\repository\com\beust\jcommander\1.82\jcommander-1.82.jar;C:\Users\sanojs\.m2\repository\org\webjars\jquery\3.6.1\jquery-3.6.1.jar;C:\Users\sanojs\.m2\repository\org\zaproxy\zap-clientapi\1.11.0\zap-clientapi-1.11.0.jar;C:\Users\sanojs\.m2\repository\org\jdom\jdom\1.1.3\jdom-1.1.3.jar;C:\Users\sanojs\.m2\repository\org\apache\poi\poi\4.1.2\poi-4.1.2.jar;C:\Users\sanojs\.m2\repository\commons-codec\commons-codec\1.13\commons-codec-1.13.jar;C:\Users\sanojs\.m2\repository\org\apache\commons\commons-collections4\4.4\commons-collections4-4.4.jar;C:\Users\sanojs\.m2\repository\org\apache\commons\commons-math3\3.6.1\commons-math3-3.6.1.jar;C:\Users\sanojs\.m2\repository\com\zaxxer\SparseBitSet\1.2\SparseBitSet-1.2.jar;C:\Users\sanojs\.m2\repository\org\apache\poi\poi-ooxml\4.1.2\poi-ooxml-4.1.2.jar;C:\Users\sanojs\.m2\repository\org\apache\commons\commons-compress\1.19\commons-compress-1.19.jar;C:\Users\sanojs\.m2\repository\com\github\virtuald\curvesapi\1.06\curvesapi-1.06.jar;C:\Users\sanojs\.m2\repository\org\apache\poi\poi-ooxml-schemas\4.1.2\poi-ooxml-schemas-4.1.2.jar;C:\Users\sanojs\.m2\repository\org\apache\xmlbeans\xmlbeans\3.1.0\xmlbeans-3.1.0.jar;C:\Users\sanojs\.m2\repository\com\opencsv\opencsv\5.7.1\opencsv-5.7.1.jar;C:\Users\sanojs\.m2\repository\org\apache\commons\commons-lang3\3.12.0\commons-lang3-3.12.0.jar;C:\Users\sanojs\.m2\repository\org\apache\commons\commons-text\1.10.0\commons-text-1.10.0.jar;C:\Users\sanojs\.m2\repository\commons-beanutils\commons-beanutils\1.9.4\commons-beanutils-1.9.4.jar;C:\Users\sanojs\.m2\repository\commons-logging\commons-logging\1.2\commons-logging-1.2.jar;C:\Users\sanojs\.m2\repository\commons-collections\commons-collections\3.2.2\commons-collections-3.2.2.jar;C:\Users\sanojs\.m2\repository\com\sun\mail\javax.mail\1.6.2\javax.mail-1.6.2.jar;C:\Users\sanojs\.m2\repository\javax\activation\activation\1.1\activation-1.1.jar;C:\Users\sanojs\.m2\repository\net\datafaker\datafaker\1.9.0\datafaker-1.9.0.jar;C:\Users\sanojs\.m2\repository\org\yaml\snakeyaml\2.0\snakeyaml-2.0.jar;C:\Users\sanojs\.m2\repository\com\github\mifmif\generex\1.0.2\generex-1.0.2.jar;C:\Users\sanojs\.m2\repository\dk\brics\automaton\automaton\1.11-8\automaton-1.11-8.jar;"/>
    <property name="java.vm.vendor" value="Eclipse Adoptium"/>
    <property name="sun.arch.data.model" value="64"/>
    <property name="user.variant" value=""/>
    <property name="java.vendor.url" value="https://adoptium.net/"/>
    <property name="user.timezone" value="Asia/Calcutta"/>
    <property name="os.name" value="Windows 10"/>
    <property name="java.vm.specification.version" value="17"/>
    <property name="sun.java.launcher" value="SUN_STANDARD"/>
    <property name="user.country" value="US"/>
    <property name="sun.boot.library.path" value="D:\Automation_Testing\Tools\eclipseDEV\plugins\org.eclipse.justj.openjdk.hotspot.jre.full.win32.x86_64_17.0.2.v20220201-1208\jre\bin"/>
    <property name="sun.java.command" value="C:\Users\sanojs\AppData\Local\Temp\surefire8477168525783773832\surefirebooter-20230518110344904_3.jar C:\Users\sanojs\AppData\Local\Temp\surefire8477168525783773832 2023-05-18T11-03-44_711-jvmRun1 surefire-20230518110344904_1tmp surefire_0-20230518110344904_2tmp"/>
    <property name="jdk.debug" value="release"/>
    <property name="surefire.test.class.path" value="C:\Users\sanojs\Documents\autobots-security\target\test-classes;C:\Users\sanojs\Documents\autobots-security\target\classes;C:\Users\sanojs\.m2\repository\org\testng\testng\7.7.1\testng-7.7.1.jar;C:\Users\sanojs\.m2\repository\org\slf4j\slf4j-api\1.7.36\slf4j-api-1.7.36.jar;C:\Users\sanojs\.m2\repository\com\beust\jcommander\1.82\jcommander-1.82.jar;C:\Users\sanojs\.m2\repository\org\webjars\jquery\3.6.1\jquery-3.6.1.jar;C:\Users\sanojs\.m2\repository\org\zaproxy\zap-clientapi\1.11.0\zap-clientapi-1.11.0.jar;C:\Users\sanojs\.m2\repository\org\jdom\jdom\1.1.3\jdom-1.1.3.jar;C:\Users\sanojs\.m2\repository\org\apache\poi\poi\4.1.2\poi-4.1.2.jar;C:\Users\sanojs\.m2\repository\commons-codec\commons-codec\1.13\commons-codec-1.13.jar;C:\Users\sanojs\.m2\repository\org\apache\commons\commons-collections4\4.4\commons-collections4-4.4.jar;C:\Users\sanojs\.m2\repository\org\apache\commons\commons-math3\3.6.1\commons-math3-3.6.1.jar;C:\Users\sanojs\.m2\repository\com\zaxxer\SparseBitSet\1.2\SparseBitSet-1.2.jar;C:\Users\sanojs\.m2\repository\org\apache\poi\poi-ooxml\4.1.2\poi-ooxml-4.1.2.jar;C:\Users\sanojs\.m2\repository\org\apache\commons\commons-compress\1.19\commons-compress-1.19.jar;C:\Users\sanojs\.m2\repository\com\github\virtuald\curvesapi\1.06\curvesapi-1.06.jar;C:\Users\sanojs\.m2\repository\org\apache\poi\poi-ooxml-schemas\4.1.2\poi-ooxml-schemas-4.1.2.jar;C:\Users\sanojs\.m2\repository\org\apache\xmlbeans\xmlbeans\3.1.0\xmlbeans-3.1.0.jar;C:\Users\sanojs\.m2\repository\com\opencsv\opencsv\5.7.1\opencsv-5.7.1.jar;C:\Users\sanojs\.m2\repository\org\apache\commons\commons-lang3\3.12.0\commons-lang3-3.12.0.jar;C:\Users\sanojs\.m2\repository\org\apache\commons\commons-text\1.10.0\commons-text-1.10.0.jar;C:\Users\sanojs\.m2\repository\commons-beanutils\commons-beanutils\1.9.4\commons-beanutils-1.9.4.jar;C:\Users\sanojs\.m2\repository\commons-logging\commons-logging\1.2\commons-logging-1.2.jar;C:\Users\sanojs\.m2\repository\commons-collections\commons-collections\3.2.2\commons-collections-3.2.2.jar;C:\Users\sanojs\.m2\repository\com\sun\mail\javax.mail\1.6.2\javax.mail-1.6.2.jar;C:\Users\sanojs\.m2\repository\javax\activation\activation\1.1\activation-1.1.jar;C:\Users\sanojs\.m2\repository\net\datafaker\datafaker\1.9.0\datafaker-1.9.0.jar;C:\Users\sanojs\.m2\repository\org\yaml\snakeyaml\2.0\snakeyaml-2.0.jar;C:\Users\sanojs\.m2\repository\com\github\mifmif\generex\1.0.2\generex-1.0.2.jar;C:\Users\sanojs\.m2\repository\dk\brics\automaton\automaton\1.11-8\automaton-1.11-8.jar;"/>
    <property name="sun.cpu.endian" value="little"/>
    <property name="user.home" value="C:\Users\sanojs"/>
    <property name="user.language" value="en"/>
    <property name="java.specification.vendor" value="Oracle Corporation"/>
    <property name="java.version.date" value="2022-01-18"/>
    <property name="java.home" value="D:\Automation_Testing\Tools\eclipseDEV\plugins\org.eclipse.justj.openjdk.hotspot.jre.full.win32.x86_64_17.0.2.v20220201-1208\jre"/>
    <property name="file.separator" value="\"/>
    <property name="basedir" value="C:\Users\sanojs\Documents\autobots-security"/>
    <property name="java.vm.compressedOopsMode" value="Zero based"/>
    <property name="line.separator" value="&#10;"/>
    <property name="java.vm.specification.vendor" value="Oracle Corporation"/>
    <property name="java.specification.name" value="Java Platform API Specification"/>
    <property name="surefire.real.class.path" value="C:\Users\sanojs\AppData\Local\Temp\surefire8477168525783773832\surefirebooter-20230518110344904_3.jar"/>
    <property name="user.script" value=""/>
    <property name="sun.management.compiler" value="HotSpot 64-Bit Tiered Compilers"/>
    <property name="java.runtime.version" value="17.0.2+8"/>
    <property name="user.name" value="sanojs"/>
    <property name="path.separator" value=";"/>
    <property name="os.version" value="10.0"/>
    <property name="java.runtime.name" value="OpenJDK Runtime Environment"/>
    <property name="file.encoding" value="Cp1252"/>
    <property name="java.vm.name" value="OpenJDK 64-Bit Server VM"/>
    <property name="java.vendor.version" value="Temurin-17.0.2+8"/>
    <property name="localRepository" value="C:\Users\sanojs\.m2\repository"/>
    <property name="java.vendor.url.bug" value="https://github.com/adoptium/adoptium-support/issues"/>
    <property name="java.io.tmpdir" value="C:\Users\sanojs\AppData\Local\Temp\"/>
    <property name="java.version" value="17.0.2"/>
    <property name="user.dir" value="C:\Users\sanojs\Documents\autobots-security"/>
    <property name="os.arch" value="amd64"/>
    <property name="java.vm.specification.name" value="Java Virtual Machine Specification"/>
    <property name="sun.os.patch.level" value=""/>
    <property name="native.encoding" value="Cp1252"/>
    <property name="java.library.path" value="D:\Automation_Testing\Tools\eclipseDEV\plugins\org.eclipse.justj.openjdk.hotspot.jre.full.win32.x86_64_17.0.2.v20220201-1208\jre\bin;C:\Windows\Sun\Java\bin;C:\Windows\system32;C:\Windows;D:/Automation_Testing/Tools/eclipseDEV//plugins/org.eclipse.justj.openjdk.hotspot.jre.full.win32.x86_64_17.0.2.v20220201-1208/jre/bin/server;D:/Automation_Testing/Tools/eclipseDEV//plugins/org.eclipse.justj.openjdk.hotspot.jre.full.win32.x86_64_17.0.2.v20220201-1208/jre/bin;C:\Program Files\Common Files\Oracle\Java\javapath;C:\Program Files\Securden\Securden_Agent\path\;C:\Python310\Scripts\;C:\Python310\;C:\Windows\system32;C:\Windows;C:\Windows\System32\Wbem;C:\Windows\System32\WindowsPowerShell\v1.0\;C:\Windows\System32\OpenSSH\;C:\Program Files\nodejs\;C:\ProgramData\chocolatey\bin;C:\Users\sanojs\AppData\Local\Android\Sdk\tools;C:\Users\sanojs\AppData\Local\Android\Sdk\platform-tools;C:\apache-maven-3.8.1\bin;C:\Program Files\dotnet\;C:\Program Files (x86)\Microsoft SQL Server\150\DTS\Binn\;C:\Program Files\Azure Data Studio\bin;C:\Program Files (x86)\dotnet\;C:\Program Files\PuTTY\;C:\Program Files\Java\jdk-11.0.15\bin;C:\apache-jmeter-5.5\bin;C:\Users\sanojs\AppData\Local\Microsoft\WindowsApps;C:\Users\sanojs\AppData\Roaming\npm;C:\Users\sanojs\AppData\Local\GitHubDesktop\bin;C:\Users\sanojs\AppData\Local\Programs\Microsoft VS Code\bin;D:\Automation_Testing\Tools\eclipseDEV;;."/>
    <property name="java.vm.info" value="mixed mode"/>
    <property name="java.vendor" value="Eclipse Adoptium"/>
    <property name="java.vm.version" value="17.0.2+8"/>
    <property name="sun.io.unicode.encoding" value="UnicodeLittle"/>
    <property name="java.class.version" value="61.0"/>
  </properties>
  <testcase name="TC001_spiderScanOnTarget" classname="com.autobots.testcases.SampleSecurityTests" time="50.686">
    <system-out><![CDATA[********************************************
Test case execution started for : TC001_spiderScanOnTarget
********************************************
URL: https://reqres.in/ added to the ZAP for scan operations
Spider on https://reqres.in/
Spider progress : 33%
Spider progress : 27%
Spider progress : 50%
Spider progress : 57%
Spider progress : 52%
Spider progress : 52%
Spider progress : 51%
Spider progress : 57%
Spider progress : 59%
Spider progress : 61%
Spider progress : 59%
Spider progress : 58%
Spider progress : 57%
Spider progress : 56%
Spider progress : 56%
Spider progress : 55%
Spider progress : 55%
Spider progress : 55%
Spider progress : 55%
Spider progress : 54%
Spider progress : 54%
Spider progress : 54%
Spider progress : 54%
Spider progress : 54%
Spider progress : 53%
Spider progress : 54%
Spider progress : 55%
Spider progress : 58%
Spider progress : 60%
Spider progress : 62%
Spider progress : 66%
Spider progress : 68%
Spider progress : 70%
Spider progress : 72%
Spider progress : 75%
Spider progress : 77%
Spider progress : 79%
Spider progress : 81%
Spider progress : 84%
Spider progress : 86%
Spider progress : 88%
Spider progress : 90%
Spider progress : 93%
Spider progress : 95%
Spider progress : 97%
Spider progress : 100%
Spider completed successfully
Generating the report
Report generated successfully at C:\Users\sanojs\Documents\autobots-security\Reports\Security_Execution_Reports\ReportName_2023-05-18_11-04-34.html
]]></system-out>
    <system-err><![CDATA[SLF4J: Failed to load class "org.slf4j.impl.StaticLoggerBinder".
SLF4J: Defaulting to no-operation (NOP) logger implementation
SLF4J: See http://www.slf4j.org/codes.html#StaticLoggerBinder for further details.
]]></system-err>
  </testcase>
</testsuite>