<?xml version="1.0" encoding="UTF-8"?>
<!-- Generated by org.testng.reporters.JUnitReportReporter -->
<testsuite hostname="RVSKCH691LT" failures="0" tests="4" name="com.autobots.testcases.SampleSecurityTests" time="50.684" errors="0" timestamp="2023-05-18T11:04:36 IST" skipped="3">
  <testcase classname="com.autobots.testcases.SampleSecurityTests" name="TC001_spiderScanOnTarget" time="50.684"/>
  <system-out/>
  <testcase classname="com.autobots.testcases.SampleSecurityTests" name="TC003_activeScanOnTarget">
    <skipped/>
  </testcase> <!-- TC003_activeScanOnTarget -->
  <system-out/>
  <testcase classname="com.autobots.testcases.SampleSecurityTests" name="TC002_spiderScanOnTargets">
    <skipped/>
  </testcase> <!-- TC002_spiderScanOnTargets -->
  <system-out/>
  <testcase classname="com.autobots.testcases.SampleSecurityTests" name="TC004_activeScanOnTargets">
    <skipped/>
  </testcase> <!-- TC004_activeScanOnTargets -->
  <system-out/>
</testsuite> <!-- com.autobots.testcases.SampleSecurityTests -->
